<?xml version="1.0" encoding="UTF-8"?>
<!-- Generated by org.testng.reporters.JUnitXMLReporter -->
<testsuite ignored="8" hostname="rajusarumacairs-MacBook-Air.local" failures="0" tests="2" name="LoginFunctionality" time="15.397" errors="0" timestamp="2023-03-20T10:15:08 EDT">
  <testcase classname="testNG.TestNGLoginFuntionality" name="validateLoggingwithInvalidUsernameInvalidPassword" time="6.376"/>
  <testcase classname="testNG.TestNGLoginFuntionality" name="validateLoggingwithBlankInputs" time="3.142"/>
  <testcase classname="testNG.TestNGLoginFuntionality" name="validateUserFunctionalityByNavigateBackAfterSuccessfulLogin" time="0.0">
    <ignored/>
  </testcase> <!-- validateUserFunctionalityByNavigateBackAfterSuccessfulLogin -->
  <testcase classname="testNG.TestNGLoginFuntionality" name="validateForgottenPasswordLinkWithvalidEmail" time="0.0">
    <ignored/>
  </testcase> <!-- validateForgottenPasswordLinkWithvalidEmail -->
  <testcase classname="testNG.TestNGLoginFuntionality" name="validateLoggingwithValidCredentials" time="0.0">
    <ignored/>
  </testcase> <!-- validateLoggingwithValidCredentials -->
  <testcase classname="testNG.TestNGLoginFuntionality" name="validateLoggingwithInvalidUsernameValidPassword" time="0.0">
    <ignored/>
  </testcase> <!-- validateLoggingwithInvalidUsernameValidPassword -->
  <testcase classname="testNG.TestNGLoginFuntionality" name="validateUserFunctionalityThatLoggedIntoCorrectUser" time="0.0">
    <ignored/>
  </testcase> <!-- validateUserFunctionalityThatLoggedIntoCorrectUser -->
  <testcase classname="testNG.TestNGLoginFuntionality" name="validateUserFunctionalityThatLoggedOutNavigateBackStillLoggedIn" time="0.0">
    <ignored/>
  </testcase> <!-- validateUserFunctionalityThatLoggedOutNavigateBackStillLoggedIn -->
  <testcase classname="testNG.TestNGLoginFuntionality" name="validateLoggingwithValidUsernameInvalidPassword" time="0.0">
    <ignored/>
  </testcase> <!-- validateLoggingwithValidUsernameInvalidPassword -->
  <testcase classname="testNG.TestNGLoginFuntionality" name="validateForgottenPasswordLinkWithInvalidEmail" time="0.0">
    <ignored/>
  </testcase> <!-- validateForgottenPasswordLinkWithInvalidEmail -->
</testsuite> <!-- LoginFunctionality -->
