<?xml version="1.0" encoding="UTF-8"?>
<!-- Generated by org.testng.reporters.JUnitXMLReporter -->
<testsuite ignored="9" hostname="rajusarumacairs-MacBook-Air.local" failures="0" tests="3" name="RegisterFunctionality" time="23.156" errors="0" timestamp="2023-03-20T10:14:53 EDT">
  <testcase classname="testNG.TestNGRegistrationfunctionality" name="validateRegisterFunctionalitybyProvidingAllBlankSpaces" time="3.389"/>
  <testcase classname="testNG.TestNGRegistrationfunctionality" name="validateRegisterFunctionalitybyFillingDifferentPasswordsIntoPasswordAndConfirmation" time="4.565"/>
  <testcase classname="testNG.TestNGRegistrationfunctionality" name="validateRegisterFunctionalitybyProvidingInvalidEmailID" time="4.809"/>
  <testcase classname="testNG.TestNGRegistrationfunctionality" name="validateRegisterFunctionalitybyProvidingAllFieldsExceptPassword" time="0.0">
    <ignored/>
  </testcase> <!-- validateRegisterFunctionalitybyProvidingAllFieldsExceptPassword -->
  <testcase classname="testNG.TestNGRegistrationfunctionality" name="validateRegisterFunctionalitybyProvidingAlreadyExisingAccountDetails" time="0.0">
    <ignored/>
  </testcase> <!-- validateRegisterFunctionalitybyProvidingAlreadyExisingAccountDetails -->
  <testcase classname="testNG.TestNGRegistrationfunctionality" name="validateRegisterFunctionalitybyProvidingAllFieldsExceptFirstName" time="0.0">
    <ignored/>
  </testcase> <!-- validateRegisterFunctionalitybyProvidingAllFieldsExceptFirstName -->
  <testcase classname="testNG.TestNGRegistrationfunctionality" name="validateRegisterFunctionalitybyProvidingAllFieldsExceptLastName" time="0.0">
    <ignored/>
  </testcase> <!-- validateRegisterFunctionalitybyProvidingAllFieldsExceptLastName -->
  <testcase classname="testNG.TestNGRegistrationfunctionality" name="validateRegisterFunctionalitybyProvidingAllFieldsExceptConfirmation" time="0.0">
    <ignored/>
  </testcase> <!-- validateRegisterFunctionalitybyProvidingAllFieldsExceptConfirmation -->
  <testcase classname="testNG.TestNGRegistrationfunctionality" name="validateRegisterFunctionalitybyProvidingAllFieldsExceptEmailId" time="0.0">
    <ignored/>
  </testcase> <!-- validateRegisterFunctionalitybyProvidingAllFieldsExceptEmailId -->
  <testcase classname="testNG.TestNGRegistrationfunctionality" name="validateRegisterFunctionalitybyProvidingAllTheFields" time="0.0">
    <ignored/>
  </testcase> <!-- validateRegisterFunctionalitybyProvidingAllTheFields -->
  <testcase classname="testNG.TestNGRegistrationfunctionality" name="validateRegisterFunctionalitybyNavigateBackAfterSuccessUserRegistrtion" time="0.0">
    <ignored/>
  </testcase> <!-- validateRegisterFunctionalitybyNavigateBackAfterSuccessUserRegistrtion -->
  <testcase classname="testNG.TestNGRegistrationfunctionality" name="validateRegisterFunctionalitybyProvidingAllFieldsExceptLogin" time="0.0">
    <ignored/>
  </testcase> <!-- validateRegisterFunctionalitybyProvidingAllFieldsExceptLogin -->
</testsuite> <!-- RegisterFunctionality -->
