<?xml version="1.0" encoding="UTF-8"?>
<testng-results ignored="17" total="22" passed="5" failed="0" skipped="0">
  <reporter-output>
  </reporter-output>
  <suite started-at="2023-03-20T10:14:29 EDT" name="RegressionTesting" finished-at="2023-03-20T10:15:08 EDT" duration-ms="38576">
    <groups>
    </groups>
    <test started-at="2023-03-20T10:14:29 EDT" name="RegisterFunctionality" finished-at="2023-03-20T10:14:53 EDT" duration-ms="23156">
      <class name="testNG.TestNGClass">
        <test-method is-config="true" signature="beforeClass()[pri:0, instance:testNG.TestNGClass@20ccf40b]" started-at="2023-03-20T10:14:30 EDT" name="beforeClass" finished-at="2023-03-20T10:14:39 EDT" duration-ms="9535" status="PASS">
          <reporter-output>
          </reporter-output>
        </test-method> <!-- beforeClass -->
        <test-method is-config="true" signature="afterClass()[pri:0, instance:testNG.TestNGClass@20ccf40b]" started-at="2023-03-20T10:14:52 EDT" name="afterClass" finished-at="2023-03-20T10:14:53 EDT" duration-ms="523" status="PASS">
          <reporter-output>
          </reporter-output>
        </test-method> <!-- afterClass -->
      </class> <!-- testNG.TestNGClass -->
      <class name="testNG.TestNGRegistrationfunctionality">
        <test-method signature="validateRegisterFunctionalitybyProvidingAllBlankSpaces()[pri:2, instance:testNG.TestNGRegistrationfunctionality@4fb3ee4e]" started-at="2023-03-20T10:14:39 EDT" name="validateRegisterFunctionalitybyProvidingAllBlankSpaces" finished-at="2023-03-20T10:14:43 EDT" duration-ms="3389" status="PASS">
          <reporter-output>
          </reporter-output>
        </test-method> <!-- validateRegisterFunctionalitybyProvidingAllBlankSpaces -->
        <test-method signature="validateRegisterFunctionalitybyFillingDifferentPasswordsIntoPasswordAndConfirmation()[pri:3, instance:testNG.TestNGRegistrationfunctionality@4fb3ee4e]" started-at="2023-03-20T10:14:43 EDT" name="validateRegisterFunctionalitybyFillingDifferentPasswordsIntoPasswordAndConfirmation" finished-at="2023-03-20T10:14:47 EDT" duration-ms="4565" status="PASS">
          <reporter-output>
          </reporter-output>
        </test-method> <!-- validateRegisterFunctionalitybyFillingDifferentPasswordsIntoPasswordAndConfirmation -->
        <test-method signature="validateRegisterFunctionalitybyProvidingInvalidEmailID()[pri:4, instance:testNG.TestNGRegistrationfunctionality@4fb3ee4e]" started-at="2023-03-20T10:14:47 EDT" name="validateRegisterFunctionalitybyProvidingInvalidEmailID" finished-at="2023-03-20T10:14:52 EDT" duration-ms="4809" status="PASS">
          <reporter-output>
          </reporter-output>
        </test-method> <!-- validateRegisterFunctionalitybyProvidingInvalidEmailID -->
      </class> <!-- testNG.TestNGRegistrationfunctionality -->
    </test> <!-- RegisterFunctionality -->
    <test started-at="2023-03-20T10:14:53 EDT" name="LoginFunctionality" finished-at="2023-03-20T10:15:08 EDT" duration-ms="15397">
      <class name="testNG.TestNGLoginFuntionality">
        <test-method signature="validateLoggingwithInvalidUsernameInvalidPassword()[pri:5, instance:testNG.TestNGLoginFuntionality@2dc54ad4]" started-at="2023-03-20T10:14:58 EDT" name="validateLoggingwithInvalidUsernameInvalidPassword" finished-at="2023-03-20T10:15:04 EDT" duration-ms="6376" status="PASS">
          <reporter-output>
          </reporter-output>
        </test-method> <!-- validateLoggingwithInvalidUsernameInvalidPassword -->
        <test-method signature="validateLoggingwithBlankInputs()[pri:8, instance:testNG.TestNGLoginFuntionality@2dc54ad4]" started-at="2023-03-20T10:15:04 EDT" name="validateLoggingwithBlankInputs" finished-at="2023-03-20T10:15:07 EDT" duration-ms="3142" status="PASS">
          <reporter-output>
          </reporter-output>
        </test-method> <!-- validateLoggingwithBlankInputs -->
      </class> <!-- testNG.TestNGLoginFuntionality -->
      <class name="testNG.TestNGClass">
        <test-method is-config="true" signature="beforeClass()[pri:0, instance:testNG.TestNGClass@1151e434]" started-at="2023-03-20T10:14:53 EDT" name="beforeClass" finished-at="2023-03-20T10:14:58 EDT" duration-ms="5285" status="PASS">
          <reporter-output>
          </reporter-output>
        </test-method> <!-- beforeClass -->
        <test-method is-config="true" signature="afterClass()[pri:0, instance:testNG.TestNGClass@1151e434]" started-at="2023-03-20T10:15:07 EDT" name="afterClass" finished-at="2023-03-20T10:15:08 EDT" duration-ms="574" status="PASS">
          <reporter-output>
          </reporter-output>
        </test-method> <!-- afterClass -->
      </class> <!-- testNG.TestNGClass -->
    </test> <!-- LoginFunctionality -->
  </suite> <!-- RegressionTesting -->
</testng-results>
